running egg_info
writing ../../build/simulation_package/simulation_package.egg-info/PKG-INFO
writing dependency_links to ../../build/simulation_package/simulation_package.egg-info/dependency_links.txt
writing entry points to ../../build/simulation_package/simulation_package.egg-info/entry_points.txt
writing requirements to ../../build/simulation_package/simulation_package.egg-info/requires.txt
writing top-level names to ../../build/simulation_package/simulation_package.egg-info/top_level.txt
reading manifest file '../../build/simulation_package/simulation_package.egg-info/SOURCES.txt'
writing manifest file '../../build/simulation_package/simulation_package.egg-info/SOURCES.txt'
running build
running build_py
copying simulation_package/mr_simulator.py -> /home/marcel/studies/2_sem_mgr/RPE_lab/EX6/ros2_ws/build/simulation_package/build/lib/simulation_package
running install
running install_lib
copying /home/marcel/studies/2_sem_mgr/RPE_lab/EX6/ros2_ws/build/simulation_package/build/lib/simulation_package/mr_simulator.py -> /home/marcel/studies/2_sem_mgr/RPE_lab/EX6/ros2_ws/install/simulation_package/lib/python3.10/site-packages/simulation_package
byte-compiling /home/marcel/studies/2_sem_mgr/RPE_lab/EX6/ros2_ws/install/simulation_package/lib/python3.10/site-packages/simulation_package/mr_simulator.py to mr_simulator.cpython-310.pyc
running install_data
copying launch/simulation_package_launch.py -> /home/marcel/studies/2_sem_mgr/RPE_lab/EX6/ros2_ws/install/simulation_package/share/simulation_package/launch
creating /home/marcel/studies/2_sem_mgr/RPE_lab/EX6/ros2_ws/install/simulation_package/share/simulation_package/config
copying config/controller.yaml -> /home/marcel/studies/2_sem_mgr/RPE_lab/EX6/ros2_ws/install/simulation_package/share/simulation_package/config
copying config/simulator.yaml -> /home/marcel/studies/2_sem_mgr/RPE_lab/EX6/ros2_ws/install/simulation_package/share/simulation_package/config
running install_egg_info
removing '/home/marcel/studies/2_sem_mgr/RPE_lab/EX6/ros2_ws/install/simulation_package/lib/python3.10/site-packages/simulation_package-0.0.0-py3.10.egg-info' (and everything under it)
Copying ../../build/simulation_package/simulation_package.egg-info to /home/marcel/studies/2_sem_mgr/RPE_lab/EX6/ros2_ws/install/simulation_package/lib/python3.10/site-packages/simulation_package-0.0.0-py3.10.egg-info
running install_scripts
Installing robot_controller script to /home/marcel/studies/2_sem_mgr/RPE_lab/EX6/ros2_ws/install/simulation_package/lib/simulation_package
Installing robot_simulator script to /home/marcel/studies/2_sem_mgr/RPE_lab/EX6/ros2_ws/install/simulation_package/lib/simulation_package
writing list of installed files to '/home/marcel/studies/2_sem_mgr/RPE_lab/EX6/ros2_ws/build/simulation_package/install.log'
