[0.286s] Invoking command in '/home/marcel/studies/2_sem_mgr/RPE_lab/EX6/ros2_ws/src/simulation_package': PYTHONPATH=/home/marcel/studies/2_sem_mgr/RPE_lab/EX6/ros2_ws/build/simulation_package/prefix_override:/usr/lib/python3/dist-packages/colcon_core/task/python/colcon_distutils_commands:/home/marcel/studies/2_sem_mgr/RPE_lab/EX6/ros2_ws/install/simulation_package/lib/python3.10/site-packages:${PYTHONPATH} /usr/bin/python3 -W ignore:setup.py install is deprecated setup.py egg_info --egg-base ../../build/simulation_package build --build-base /home/marcel/studies/2_sem_mgr/RPE_lab/EX6/ros2_ws/build/simulation_package/build install --record /home/marcel/studies/2_sem_mgr/RPE_lab/EX6/ros2_ws/build/simulation_package/install.log --single-version-externally-managed install_data
[0.397s] running egg_info
[0.397s] writing ../../build/simulation_package/simulation_package.egg-info/PKG-INFO
[0.398s] writing dependency_links to ../../build/simulation_package/simulation_package.egg-info/dependency_links.txt
[0.398s] writing entry points to ../../build/simulation_package/simulation_package.egg-info/entry_points.txt
[0.398s] writing requirements to ../../build/simulation_package/simulation_package.egg-info/requires.txt
[0.398s] writing top-level names to ../../build/simulation_package/simulation_package.egg-info/top_level.txt
[0.399s] reading manifest file '../../build/simulation_package/simulation_package.egg-info/SOURCES.txt'
[0.399s] writing manifest file '../../build/simulation_package/simulation_package.egg-info/SOURCES.txt'
[0.399s] running build
[0.399s] running build_py
[0.399s] copying simulation_package/mr_simulator.py -> /home/marcel/studies/2_sem_mgr/RPE_lab/EX6/ros2_ws/build/simulation_package/build/lib/simulation_package
[0.399s] running install
[0.400s] running install_lib
[0.400s] copying /home/marcel/studies/2_sem_mgr/RPE_lab/EX6/ros2_ws/build/simulation_package/build/lib/simulation_package/mr_simulator.py -> /home/marcel/studies/2_sem_mgr/RPE_lab/EX6/ros2_ws/install/simulation_package/lib/python3.10/site-packages/simulation_package
[0.400s] byte-compiling /home/marcel/studies/2_sem_mgr/RPE_lab/EX6/ros2_ws/install/simulation_package/lib/python3.10/site-packages/simulation_package/mr_simulator.py to mr_simulator.cpython-310.pyc
[0.401s] running install_data
[0.401s] running install_egg_info
[0.402s] removing '/home/marcel/studies/2_sem_mgr/RPE_lab/EX6/ros2_ws/install/simulation_package/lib/python3.10/site-packages/simulation_package-0.0.0-py3.10.egg-info' (and everything under it)
[0.402s] Copying ../../build/simulation_package/simulation_package.egg-info to /home/marcel/studies/2_sem_mgr/RPE_lab/EX6/ros2_ws/install/simulation_package/lib/python3.10/site-packages/simulation_package-0.0.0-py3.10.egg-info
[0.403s] running install_scripts
[0.414s] Installing robot_controller script to /home/marcel/studies/2_sem_mgr/RPE_lab/EX6/ros2_ws/install/simulation_package/lib/simulation_package
[0.414s] Installing robot_simulator script to /home/marcel/studies/2_sem_mgr/RPE_lab/EX6/ros2_ws/install/simulation_package/lib/simulation_package
[0.414s] writing list of installed files to '/home/marcel/studies/2_sem_mgr/RPE_lab/EX6/ros2_ws/build/simulation_package/install.log'
[0.427s] Invoked command in '/home/marcel/studies/2_sem_mgr/RPE_lab/EX6/ros2_ws/src/simulation_package' returned '0': PYTHONPATH=/home/marcel/studies/2_sem_mgr/RPE_lab/EX6/ros2_ws/build/simulation_package/prefix_override:/usr/lib/python3/dist-packages/colcon_core/task/python/colcon_distutils_commands:/home/marcel/studies/2_sem_mgr/RPE_lab/EX6/ros2_ws/install/simulation_package/lib/python3.10/site-packages:${PYTHONPATH} /usr/bin/python3 -W ignore:setup.py install is deprecated setup.py egg_info --egg-base ../../build/simulation_package build --build-base /home/marcel/studies/2_sem_mgr/RPE_lab/EX6/ros2_ws/build/simulation_package/build install --record /home/marcel/studies/2_sem_mgr/RPE_lab/EX6/ros2_ws/build/simulation_package/install.log --single-version-externally-managed install_data
