running egg_info
creating ../../build/simulation_package/simulation_package.egg-info
writing ../../build/simulation_package/simulation_package.egg-info/PKG-INFO
writing dependency_links to ../../build/simulation_package/simulation_package.egg-info/dependency_links.txt
writing entry points to ../../build/simulation_package/simulation_package.egg-info/entry_points.txt
writing requirements to ../../build/simulation_package/simulation_package.egg-info/requires.txt
writing top-level names to ../../build/simulation_package/simulation_package.egg-info/top_level.txt
writing manifest file '../../build/simulation_package/simulation_package.egg-info/SOURCES.txt'
reading manifest file '../../build/simulation_package/simulation_package.egg-info/SOURCES.txt'
writing manifest file '../../build/simulation_package/simulation_package.egg-info/SOURCES.txt'
running build
running build_py
creating /home/marcel/studies/2_sem_mgr/RPE_lab/EX6/ros2_ws/build/simulation_package/build
creating /home/marcel/studies/2_sem_mgr/RPE_lab/EX6/ros2_ws/build/simulation_package/build/lib
creating /home/marcel/studies/2_sem_mgr/RPE_lab/EX6/ros2_ws/build/simulation_package/build/lib/simulation_package
copying simulation_package/controller.py -> /home/marcel/studies/2_sem_mgr/RPE_lab/EX6/ros2_ws/build/simulation_package/build/lib/simulation_package
copying simulation_package/__init__.py -> /home/marcel/studies/2_sem_mgr/RPE_lab/EX6/ros2_ws/build/simulation_package/build/lib/simulation_package
copying simulation_package/mr_simulator.py -> /home/marcel/studies/2_sem_mgr/RPE_lab/EX6/ros2_ws/build/simulation_package/build/lib/simulation_package
running install
running install_lib
creating /home/marcel/studies/2_sem_mgr/RPE_lab/EX6/ros2_ws/install/simulation_package/lib/python3.10/site-packages/simulation_package
copying /home/marcel/studies/2_sem_mgr/RPE_lab/EX6/ros2_ws/build/simulation_package/build/lib/simulation_package/controller.py -> /home/marcel/studies/2_sem_mgr/RPE_lab/EX6/ros2_ws/install/simulation_package/lib/python3.10/site-packages/simulation_package
copying /home/marcel/studies/2_sem_mgr/RPE_lab/EX6/ros2_ws/build/simulation_package/build/lib/simulation_package/__init__.py -> /home/marcel/studies/2_sem_mgr/RPE_lab/EX6/ros2_ws/install/simulation_package/lib/python3.10/site-packages/simulation_package
copying /home/marcel/studies/2_sem_mgr/RPE_lab/EX6/ros2_ws/build/simulation_package/build/lib/simulation_package/mr_simulator.py -> /home/marcel/studies/2_sem_mgr/RPE_lab/EX6/ros2_ws/install/simulation_package/lib/python3.10/site-packages/simulation_package
byte-compiling /home/marcel/studies/2_sem_mgr/RPE_lab/EX6/ros2_ws/install/simulation_package/lib/python3.10/site-packages/simulation_package/controller.py to controller.cpython-310.pyc
byte-compiling /home/marcel/studies/2_sem_mgr/RPE_lab/EX6/ros2_ws/install/simulation_package/lib/python3.10/site-packages/simulation_package/__init__.py to __init__.cpython-310.pyc
byte-compiling /home/marcel/studies/2_sem_mgr/RPE_lab/EX6/ros2_ws/install/simulation_package/lib/python3.10/site-packages/simulation_package/mr_simulator.py to mr_simulator.cpython-310.pyc
running install_data
copying resource/simulation_package -> /home/marcel/studies/2_sem_mgr/RPE_lab/EX6/ros2_ws/install/simulation_package/share/ament_index/resource_index/packages
copying package.xml -> /home/marcel/studies/2_sem_mgr/RPE_lab/EX6/ros2_ws/install/simulation_package/share/simulation_package
running install_egg_info
Copying ../../build/simulation_package/simulation_package.egg-info to /home/marcel/studies/2_sem_mgr/RPE_lab/EX6/ros2_ws/install/simulation_package/lib/python3.10/site-packages/simulation_package-0.0.0-py3.10.egg-info
running install_scripts
writing list of installed files to '/home/marcel/studies/2_sem_mgr/RPE_lab/EX6/ros2_ws/build/simulation_package/install.log'
