[0.324s] Invoking command in '/home/marcel/studies/2_sem_mgr/RPE_lab/EX6/ros2_ws/src/simulation_package': PYTHONPATH=/home/marcel/studies/2_sem_mgr/RPE_lab/EX6/ros2_ws/build/simulation_package/prefix_override:/usr/lib/python3/dist-packages/colcon_core/task/python/colcon_distutils_commands:/home/marcel/studies/2_sem_mgr/RPE_lab/EX6/ros2_ws/install/simulation_package/lib/python3.10/site-packages:${PYTHONPATH} /usr/bin/python3 -W ignore:setup.py install is deprecated setup.py egg_info --egg-base ../../build/simulation_package build --build-base /home/marcel/studies/2_sem_mgr/RPE_lab/EX6/ros2_ws/build/simulation_package/build install --record /home/marcel/studies/2_sem_mgr/RPE_lab/EX6/ros2_ws/build/simulation_package/install.log --single-version-externally-managed install_data
[0.444s] running egg_info
[0.444s] creating ../../build/simulation_package/simulation_package.egg-info
[0.444s] writing ../../build/simulation_package/simulation_package.egg-info/PKG-INFO
[0.444s] writing dependency_links to ../../build/simulation_package/simulation_package.egg-info/dependency_links.txt
[0.444s] writing entry points to ../../build/simulation_package/simulation_package.egg-info/entry_points.txt
[0.444s] writing requirements to ../../build/simulation_package/simulation_package.egg-info/requires.txt
[0.444s] writing top-level names to ../../build/simulation_package/simulation_package.egg-info/top_level.txt
[0.444s] writing manifest file '../../build/simulation_package/simulation_package.egg-info/SOURCES.txt'
[0.445s] reading manifest file '../../build/simulation_package/simulation_package.egg-info/SOURCES.txt'
[0.446s] writing manifest file '../../build/simulation_package/simulation_package.egg-info/SOURCES.txt'
[0.446s] running build
[0.446s] running build_py
[0.446s] creating /home/marcel/studies/2_sem_mgr/RPE_lab/EX6/ros2_ws/build/simulation_package/build
[0.446s] creating /home/marcel/studies/2_sem_mgr/RPE_lab/EX6/ros2_ws/build/simulation_package/build/lib
[0.446s] creating /home/marcel/studies/2_sem_mgr/RPE_lab/EX6/ros2_ws/build/simulation_package/build/lib/simulation_package
[0.446s] copying simulation_package/controller.py -> /home/marcel/studies/2_sem_mgr/RPE_lab/EX6/ros2_ws/build/simulation_package/build/lib/simulation_package
[0.446s] copying simulation_package/__init__.py -> /home/marcel/studies/2_sem_mgr/RPE_lab/EX6/ros2_ws/build/simulation_package/build/lib/simulation_package
[0.446s] copying simulation_package/mr_simulator.py -> /home/marcel/studies/2_sem_mgr/RPE_lab/EX6/ros2_ws/build/simulation_package/build/lib/simulation_package
[0.446s] running install
[0.446s] running install_lib
[0.447s] creating /home/marcel/studies/2_sem_mgr/RPE_lab/EX6/ros2_ws/install/simulation_package/lib/python3.10/site-packages/simulation_package
[0.447s] copying /home/marcel/studies/2_sem_mgr/RPE_lab/EX6/ros2_ws/build/simulation_package/build/lib/simulation_package/controller.py -> /home/marcel/studies/2_sem_mgr/RPE_lab/EX6/ros2_ws/install/simulation_package/lib/python3.10/site-packages/simulation_package
[0.447s] copying /home/marcel/studies/2_sem_mgr/RPE_lab/EX6/ros2_ws/build/simulation_package/build/lib/simulation_package/__init__.py -> /home/marcel/studies/2_sem_mgr/RPE_lab/EX6/ros2_ws/install/simulation_package/lib/python3.10/site-packages/simulation_package
[0.447s] copying /home/marcel/studies/2_sem_mgr/RPE_lab/EX6/ros2_ws/build/simulation_package/build/lib/simulation_package/mr_simulator.py -> /home/marcel/studies/2_sem_mgr/RPE_lab/EX6/ros2_ws/install/simulation_package/lib/python3.10/site-packages/simulation_package
[0.447s] byte-compiling /home/marcel/studies/2_sem_mgr/RPE_lab/EX6/ros2_ws/install/simulation_package/lib/python3.10/site-packages/simulation_package/controller.py to controller.cpython-310.pyc
[0.447s] byte-compiling /home/marcel/studies/2_sem_mgr/RPE_lab/EX6/ros2_ws/install/simulation_package/lib/python3.10/site-packages/simulation_package/__init__.py to __init__.cpython-310.pyc
[0.447s] byte-compiling /home/marcel/studies/2_sem_mgr/RPE_lab/EX6/ros2_ws/install/simulation_package/lib/python3.10/site-packages/simulation_package/mr_simulator.py to mr_simulator.cpython-310.pyc
[0.448s] running install_data
[0.448s] copying resource/simulation_package -> /home/marcel/studies/2_sem_mgr/RPE_lab/EX6/ros2_ws/install/simulation_package/share/ament_index/resource_index/packages
[0.448s] copying package.xml -> /home/marcel/studies/2_sem_mgr/RPE_lab/EX6/ros2_ws/install/simulation_package/share/simulation_package
[0.448s] running install_egg_info
[0.449s] Copying ../../build/simulation_package/simulation_package.egg-info to /home/marcel/studies/2_sem_mgr/RPE_lab/EX6/ros2_ws/install/simulation_package/lib/python3.10/site-packages/simulation_package-0.0.0-py3.10.egg-info
[0.449s] running install_scripts
[0.462s] writing list of installed files to '/home/marcel/studies/2_sem_mgr/RPE_lab/EX6/ros2_ws/build/simulation_package/install.log'
[0.473s] Invoked command in '/home/marcel/studies/2_sem_mgr/RPE_lab/EX6/ros2_ws/src/simulation_package' returned '0': PYTHONPATH=/home/marcel/studies/2_sem_mgr/RPE_lab/EX6/ros2_ws/build/simulation_package/prefix_override:/usr/lib/python3/dist-packages/colcon_core/task/python/colcon_distutils_commands:/home/marcel/studies/2_sem_mgr/RPE_lab/EX6/ros2_ws/install/simulation_package/lib/python3.10/site-packages:${PYTHONPATH} /usr/bin/python3 -W ignore:setup.py install is deprecated setup.py egg_info --egg-base ../../build/simulation_package build --build-base /home/marcel/studies/2_sem_mgr/RPE_lab/EX6/ros2_ws/build/simulation_package/build install --record /home/marcel/studies/2_sem_mgr/RPE_lab/EX6/ros2_ws/build/simulation_package/install.log --single-version-externally-managed install_data
