[0.307s] Invoking command in '/home/marcel/studies/2_sem_mgr/RPE_lab/EX6/ros2_ws/src/simulation_package': PYTHONPATH=/home/marcel/studies/2_sem_mgr/RPE_lab/EX6/ros2_ws/build/simulation_package/prefix_override:/usr/lib/python3/dist-packages/colcon_core/task/python/colcon_distutils_commands:/home/marcel/studies/2_sem_mgr/RPE_lab/EX6/ros2_ws/install/simulation_package/lib/python3.10/site-packages:${PYTHONPATH} /usr/bin/python3 -W ignore:setup.py install is deprecated setup.py egg_info --egg-base ../../build/simulation_package build --build-base /home/marcel/studies/2_sem_mgr/RPE_lab/EX6/ros2_ws/build/simulation_package/build install --record /home/marcel/studies/2_sem_mgr/RPE_lab/EX6/ros2_ws/build/simulation_package/install.log --single-version-externally-managed install_data
[0.427s] running egg_info
[0.427s] writing ../../build/simulation_package/simulation_package.egg-info/PKG-INFO
[0.427s] writing dependency_links to ../../build/simulation_package/simulation_package.egg-info/dependency_links.txt
[0.427s] writing entry points to ../../build/simulation_package/simulation_package.egg-info/entry_points.txt
[0.427s] writing requirements to ../../build/simulation_package/simulation_package.egg-info/requires.txt
[0.428s] writing top-level names to ../../build/simulation_package/simulation_package.egg-info/top_level.txt
[0.428s] reading manifest file '../../build/simulation_package/simulation_package.egg-info/SOURCES.txt'
[0.429s] writing manifest file '../../build/simulation_package/simulation_package.egg-info/SOURCES.txt'
[0.429s] running build
[0.429s] running build_py
[0.429s] running install
[0.429s] running install_lib
[0.430s] running install_data
[0.430s] copying launch/simulation_package_launch.py -> /home/marcel/studies/2_sem_mgr/RPE_lab/EX6/ros2_ws/install/simulation_package/share/simulation_package/launch
[0.430s] running install_egg_info
[0.431s] removing '/home/marcel/studies/2_sem_mgr/RPE_lab/EX6/ros2_ws/install/simulation_package/lib/python3.10/site-packages/simulation_package-0.0.0-py3.10.egg-info' (and everything under it)
[0.431s] Copying ../../build/simulation_package/simulation_package.egg-info to /home/marcel/studies/2_sem_mgr/RPE_lab/EX6/ros2_ws/install/simulation_package/lib/python3.10/site-packages/simulation_package-0.0.0-py3.10.egg-info
[0.432s] running install_scripts
[0.443s] Installing robot_controller script to /home/marcel/studies/2_sem_mgr/RPE_lab/EX6/ros2_ws/install/simulation_package/lib/simulation_package
[0.443s] Installing robot_simulator script to /home/marcel/studies/2_sem_mgr/RPE_lab/EX6/ros2_ws/install/simulation_package/lib/simulation_package
[0.444s] writing list of installed files to '/home/marcel/studies/2_sem_mgr/RPE_lab/EX6/ros2_ws/build/simulation_package/install.log'
[0.454s] Invoked command in '/home/marcel/studies/2_sem_mgr/RPE_lab/EX6/ros2_ws/src/simulation_package' returned '0': PYTHONPATH=/home/marcel/studies/2_sem_mgr/RPE_lab/EX6/ros2_ws/build/simulation_package/prefix_override:/usr/lib/python3/dist-packages/colcon_core/task/python/colcon_distutils_commands:/home/marcel/studies/2_sem_mgr/RPE_lab/EX6/ros2_ws/install/simulation_package/lib/python3.10/site-packages:${PYTHONPATH} /usr/bin/python3 -W ignore:setup.py install is deprecated setup.py egg_info --egg-base ../../build/simulation_package build --build-base /home/marcel/studies/2_sem_mgr/RPE_lab/EX6/ros2_ws/build/simulation_package/build install --record /home/marcel/studies/2_sem_mgr/RPE_lab/EX6/ros2_ws/build/simulation_package/install.log --single-version-externally-managed install_data
